<?xml version="1.0" encoding="UTF-8"?><testrun name="StudentSortingTest" project="R01-01-Rot-SimpleSorting-Bidirectional-Bubble-environment" tests="5" started="5" failures="0" errors="3" ignored="0">
  <testsuite name="sorting.test.StudentSortingTest" time="2.884">
    <testcase name="testSort01" classname="sorting.test.StudentSortingTest" time="1.135">
      <error>java.lang.ArrayIndexOutOfBoundsException: -2147483648&#13;
	at sorting.variationsOfBubblesort.BidirectionalBubbleSort.sort(BidirectionalBubbleSort.java:22)&#13;
	at sorting.AbstractSorting.sort(AbstractSorting.java:8)&#13;
	at sorting.test.StudentSortingTest.genericTest(StudentSortingTest.java:78)&#13;
	at sorting.test.StudentSortingTest.testSort01(StudentSortingTest.java:85)&#13;
	at sun.reflect.NativeMethodAccessorImpl.invoke0(Native Method)&#13;
	at sun.reflect.NativeMethodAccessorImpl.invoke(Unknown Source)&#13;
	at sun.reflect.DelegatingMethodAccessorImpl.invoke(Unknown Source)&#13;
	at java.lang.reflect.Method.invoke(Unknown Source)&#13;
	at org.junit.runners.model.FrameworkMethod$1.runReflectiveCall(FrameworkMethod.java:50)&#13;
	at org.junit.internal.runners.model.ReflectiveCallable.run(ReflectiveCallable.java:12)&#13;
	at org.junit.runners.model.FrameworkMethod.invokeExplosively(FrameworkMethod.java:47)&#13;
	at org.junit.internal.runners.statements.InvokeMethod.evaluate(InvokeMethod.java:17)&#13;
	at org.junit.internal.runners.statements.RunBefores.evaluate(RunBefores.java:26)&#13;
	at org.junit.runners.ParentRunner.runLeaf(ParentRunner.java:325)&#13;
	at org.junit.runners.BlockJUnit4ClassRunner.runChild(BlockJUnit4ClassRunner.java:78)&#13;
	at org.junit.runners.BlockJUnit4ClassRunner.runChild(BlockJUnit4ClassRunner.java:57)&#13;
	at org.junit.runners.ParentRunner$3.run(ParentRunner.java:290)&#13;
	at org.junit.runners.ParentRunner$1.schedule(ParentRunner.java:71)&#13;
	at org.junit.runners.ParentRunner.runChildren(ParentRunner.java:288)&#13;
	at org.junit.runners.ParentRunner.access$000(ParentRunner.java:58)&#13;
	at org.junit.runners.ParentRunner$2.evaluate(ParentRunner.java:268)&#13;
	at org.junit.runners.ParentRunner.run(ParentRunner.java:363)&#13;
	at org.eclipse.jdt.internal.junit4.runner.JUnit4TestReference.run(JUnit4TestReference.java:89)&#13;
	at org.eclipse.jdt.internal.junit.runner.TestExecution.run(TestExecution.java:41)&#13;
	at org.eclipse.jdt.internal.junit.runner.RemoteTestRunner.runTests(RemoteTestRunner.java:542)&#13;
	at org.eclipse.jdt.internal.junit.runner.RemoteTestRunner.runTests(RemoteTestRunner.java:770)&#13;
	at org.eclipse.jdt.internal.junit.runner.RemoteTestRunner.run(RemoteTestRunner.java:464)&#13;
	at org.eclipse.jdt.internal.junit.runner.RemoteTestRunner.main(RemoteTestRunner.java:210)&#13;
&#13;
</error>
    </testcase>
    <testcase name="testSort02" classname="sorting.test.StudentSortingTest" time="0.887">
      <error>java.lang.ArrayIndexOutOfBoundsException&#13;
&#13;
</error>
    </testcase>
    <testcase name="testSort03" classname="sorting.test.StudentSortingTest" time="0.002"/>
    <testcase name="testSort04" classname="sorting.test.StudentSortingTest" time="0.0"/>
    <testcase name="testSort05" classname="sorting.test.StudentSortingTest" time="0.858">
      <error>java.lang.ArrayIndexOutOfBoundsException&#13;
&#13;
</error>
    </testcase>
  </testsuite>
</testrun>
